This is pdfTeX, Version 3.14159265-2.6-1.40.16 (TeX Live 2015/Arch Linux) (preloaded format=pdflatex 2016.2.25)  18 MAR 2016 20:13
entering extended mode
 restricted \write18 enabled.
 %&-line parsing enabled.
**"Project 2.tex"
(./Project 2.tex
LaTeX2e <2015/10/01> patch level 2
Babel <3.9m> and hyphenation patterns for 79 languages loaded.
(/usr/share/texmf-dist/tex/latex/base/report.cls
Document Class: report 2014/09/29 v1.4h Standard LaTeX document class
(/usr/share/texmf-dist/tex/latex/base/size10.clo
File: size10.clo 2014/09/29 v1.4h Standard LaTeX file (size option)
)
\c@part=\count79
\c@chapter=\count80
\c@section=\count81
\c@subsection=\count82
\c@subsubsection=\count83
\c@paragraph=\count84
\c@subparagraph=\count85
\c@figure=\count86
\c@table=\count87
\abovecaptionskip=\skip41
\belowcaptionskip=\skip42
\bibindent=\dimen102
)
(/usr/share/texmf-dist/tex/latex/graphics/graphicx.sty
Package: graphicx 2014/10/28 v1.0g Enhanced LaTeX Graphics (DPC,SPQR)

(/usr/share/texmf-dist/tex/latex/graphics/keyval.sty
Package: keyval 2014/10/28 v1.15 key=value parser (DPC)
\KV@toks@=\toks14
)
(/usr/share/texmf-dist/tex/latex/graphics/graphics.sty
Package: graphics 2014/10/28 v1.0p Standard LaTeX Graphics (DPC,SPQR)

(/usr/share/texmf-dist/tex/latex/graphics/trig.sty
Package: trig 1999/03/16 v1.09 sin cos tan (DPC)
)
(/usr/share/texmf-dist/tex/latex/latexconfig/graphics.cfg
File: graphics.cfg 2010/04/23 v1.9 graphics configuration of TeX Live
)
Package graphics Info: Driver file: pdftex.def on input line 94.

(/usr/share/texmf-dist/tex/latex/pdftex-def/pdftex.def
File: pdftex.def 2011/05/27 v0.06d Graphics/color for pdfTeX

(/usr/share/texmf-dist/tex/generic/oberdiek/infwarerr.sty
Package: infwarerr 2010/04/08 v1.3 Providing info/warning/error messages (HO)
)
(/usr/share/texmf-dist/tex/generic/oberdiek/ltxcmds.sty
Package: ltxcmds 2011/11/09 v1.22 LaTeX kernel commands for general use (HO)
)
\Gread@gobject=\count88
))
\Gin@req@height=\dimen103
\Gin@req@width=\dimen104
)
(/usr/share/texmf-dist/tex/latex/hyperref/hyperref.sty
Package: hyperref 2012/11/06 v6.83m Hypertext links for LaTeX

(/usr/share/texmf-dist/tex/generic/oberdiek/hobsub-hyperref.sty
Package: hobsub-hyperref 2012/05/28 v1.13 Bundle oberdiek, subset hyperref (HO)


(/usr/share/texmf-dist/tex/generic/oberdiek/hobsub-generic.sty
Package: hobsub-generic 2012/05/28 v1.13 Bundle oberdiek, subset generic (HO)
Package: hobsub 2012/05/28 v1.13 Construct package bundles (HO)
Package hobsub Info: Skipping package `infwarerr' (already loaded).
Package hobsub Info: Skipping package `ltxcmds' (already loaded).
Package: ifluatex 2010/03/01 v1.3 Provides the ifluatex switch (HO)
Package ifluatex Info: LuaTeX not detected.
Package: ifvtex 2010/03/01 v1.5 Detect VTeX and its facilities (HO)
Package ifvtex Info: VTeX not detected.
Package: intcalc 2007/09/27 v1.1 Expandable calculations with integers (HO)
Package: ifpdf 2011/01/30 v2.3 Provides the ifpdf switch (HO)
Package ifpdf Info: pdfTeX in PDF mode is detected.
Package: etexcmds 2011/02/16 v1.5 Avoid name clashes with e-TeX commands (HO)
Package etexcmds Info: Could not find \expanded.
(etexcmds)             That can mean that you are not using pdfTeX 1.50 or
(etexcmds)             that some package has redefined \expanded.
(etexcmds)             In the latter case, load this package earlier.
Package: kvsetkeys 2012/04/25 v1.16 Key value parser (HO)
Package: kvdefinekeys 2011/04/07 v1.3 Define keys (HO)
Package: pdftexcmds 2011/11/29 v0.20 Utility functions of pdfTeX for LuaTeX (HO
)
Package pdftexcmds Info: LuaTeX not detected.
Package pdftexcmds Info: \pdf@primitive is available.
Package pdftexcmds Info: \pdf@ifprimitive is available.
Package pdftexcmds Info: \pdfdraftmode found.
Package: pdfescape 2011/11/25 v1.13 Implements pdfTeX's escape features (HO)
Package: bigintcalc 2012/04/08 v1.3 Expandable calculations on big integers (HO
)
Package: bitset 2011/01/30 v1.1 Handle bit-vector datatype (HO)
Package: uniquecounter 2011/01/30 v1.2 Provide unlimited unique counter (HO)
)
Package hobsub Info: Skipping package `hobsub' (already loaded).
Package: letltxmacro 2010/09/02 v1.4 Let assignment for LaTeX macros (HO)
Package: hopatch 2012/05/28 v1.2 Wrapper for package hooks (HO)
Package: xcolor-patch 2011/01/30 xcolor patch
Package: atveryend 2011/06/30 v1.8 Hooks at the very end of document (HO)
Package atveryend Info: \enddocument detected (standard20110627).
Package: atbegshi 2011/10/05 v1.16 At begin shipout hook (HO)
Package: refcount 2011/10/16 v3.4 Data extraction from label references (HO)
Package: hycolor 2011/01/30 v1.7 Color options for hyperref/bookmark (HO)
)
(/usr/share/texmf-dist/tex/generic/ifxetex/ifxetex.sty
Package: ifxetex 2010/09/12 v0.6 Provides ifxetex conditional
)
(/usr/share/texmf-dist/tex/latex/oberdiek/auxhook.sty
Package: auxhook 2011/03/04 v1.3 Hooks for auxiliary files (HO)
)
(/usr/share/texmf-dist/tex/latex/oberdiek/kvoptions.sty
Package: kvoptions 2011/06/30 v3.11 Key value format for package options (HO)
)
\@linkdim=\dimen105
\Hy@linkcounter=\count89
\Hy@pagecounter=\count90

(/usr/share/texmf-dist/tex/latex/hyperref/pd1enc.def
File: pd1enc.def 2012/11/06 v6.83m Hyperref: PDFDocEncoding definition (HO)
)
\Hy@SavedSpaceFactor=\count91

(/usr/share/texmf-dist/tex/latex/latexconfig/hyperref.cfg
File: hyperref.cfg 2002/06/06 v1.2 hyperref configuration of TeXLive
)
Package hyperref Info: Hyper figures OFF on input line 4443.
Package hyperref Info: Link nesting OFF on input line 4448.
Package hyperref Info: Hyper index ON on input line 4451.
Package hyperref Info: Plain pages OFF on input line 4458.
Package hyperref Info: Backreferencing OFF on input line 4463.
Package hyperref Info: Implicit mode ON; LaTeX internals redefined.
Package hyperref Info: Bookmarks ON on input line 4688.
\c@Hy@tempcnt=\count92

(/usr/share/texmf-dist/tex/latex/url/url.sty
\Urlmuskip=\muskip10
Package: url 2013/09/16  ver 3.4  Verb mode for urls, etc.
)
LaTeX Info: Redefining \url on input line 5041.
\XeTeXLinkMargin=\dimen106
\Fld@menulength=\count93
\Field@Width=\dimen107
\Fld@charsize=\dimen108
Package hyperref Info: Hyper figures OFF on input line 6295.
Package hyperref Info: Link nesting OFF on input line 6300.
Package hyperref Info: Hyper index ON on input line 6303.
Package hyperref Info: backreferencing OFF on input line 6310.
Package hyperref Info: Link coloring OFF on input line 6315.
Package hyperref Info: Link coloring with OCG OFF on input line 6320.
Package hyperref Info: PDF/A mode OFF on input line 6325.
LaTeX Info: Redefining \ref on input line 6365.
LaTeX Info: Redefining \pageref on input line 6369.
\Hy@abspage=\count94
\c@Item=\count95
\c@Hfootnote=\count96
)

Package hyperref Message: Driver (autodetected): hpdftex.

(/usr/share/texmf-dist/tex/latex/hyperref/hpdftex.def
File: hpdftex.def 2012/11/06 v6.83m Hyperref driver for pdfTeX
\Fld@listcount=\count97
\c@bookmark@seq@number=\count98

(/usr/share/texmf-dist/tex/latex/oberdiek/rerunfilecheck.sty
Package: rerunfilecheck 2011/04/15 v1.7 Rerun checks for auxiliary files (HO)
Package uniquecounter Info: New unique counter `rerunfilecheck' on input line 2
82.
)
\Hy@SectionHShift=\skip43
) (./Project 2.aux)
\openout1 = `"Project 2.aux"'.

LaTeX Font Info:    Checking defaults for OML/cmm/m/it on input line 11.
LaTeX Font Info:    ... okay on input line 11.
LaTeX Font Info:    Checking defaults for T1/cmr/m/n on input line 11.
LaTeX Font Info:    ... okay on input line 11.
LaTeX Font Info:    Checking defaults for OT1/cmr/m/n on input line 11.
LaTeX Font Info:    ... okay on input line 11.
LaTeX Font Info:    Checking defaults for OMS/cmsy/m/n on input line 11.
LaTeX Font Info:    ... okay on input line 11.
LaTeX Font Info:    Checking defaults for OMX/cmex/m/n on input line 11.
LaTeX Font Info:    ... okay on input line 11.
LaTeX Font Info:    Checking defaults for U/cmr/m/n on input line 11.
LaTeX Font Info:    ... okay on input line 11.
LaTeX Font Info:    Checking defaults for PD1/pdf/m/n on input line 11.
LaTeX Font Info:    ... okay on input line 11.
 (/usr/share/texmf-dist/tex/context/base/supp-pdf.mkii
[Loading MPS to PDF converter (version 2006.09.02).]
\scratchcounter=\count99
\scratchdimen=\dimen109
\scratchbox=\box26
\nofMPsegments=\count100
\nofMParguments=\count101
\everyMPshowfont=\toks15
\MPscratchCnt=\count102
\MPscratchDim=\dimen110
\MPnumerator=\count103
\makeMPintoPDFobject=\count104
\everyMPtoPDFconversion=\toks16
) (/usr/share/texmf-dist/tex/latex/oberdiek/epstopdf-base.sty
Package: epstopdf-base 2010/02/09 v2.5 Base part for package epstopdf

(/usr/share/texmf-dist/tex/latex/oberdiek/grfext.sty
Package: grfext 2010/08/19 v1.1 Manage graphics extensions (HO)
)
Package grfext Info: Graphics extension search list:
(grfext)             [.png,.pdf,.jpg,.mps,.jpeg,.jbig2,.jb2,.PNG,.PDF,.JPG,.JPE
G,.JBIG2,.JB2,.eps]
(grfext)             \AppendGraphicsExtensions on input line 452.

(/usr/share/texmf-dist/tex/latex/latexconfig/epstopdf-sys.cfg
File: epstopdf-sys.cfg 2010/07/13 v1.3 Configuration of (r)epstopdf for TeX Liv
e
))
\AtBeginShipoutBox=\box27
Package hyperref Info: Link coloring OFF on input line 11.

(/usr/share/texmf-dist/tex/latex/hyperref/nameref.sty
Package: nameref 2012/10/27 v2.43 Cross-referencing by name of section

(/usr/share/texmf-dist/tex/generic/oberdiek/gettitlestring.sty
Package: gettitlestring 2010/12/03 v1.4 Cleanup title references (HO)
)
\c@section@level=\count105
)
LaTeX Info: Redefining \ref on input line 11.
LaTeX Info: Redefining \pageref on input line 11.
LaTeX Info: Redefining \nameref on input line 11.

(./Project 2.out) (./Project 2.out)
\@outlinefile=\write3
\openout3 = `"Project 2.out"'.

LaTeX Font Info:    External font `cmex10' loaded for size
(Font)              <12> on input line 13.
LaTeX Font Info:    External font `cmex10' loaded for size
(Font)              <8> on input line 13.
LaTeX Font Info:    External font `cmex10' loaded for size
(Font)              <6> on input line 13.
 [1

{/var/lib/texmf/fonts/map/pdftex/updmap/pdftex.map}]
LaTeX Font Info:    Calculating math sizes for size <14> on input line 18.
LaTeX Font Info:    External font `cmex10' loaded for size
(Font)              <14> on input line 18.
LaTeX Font Info:    External font `cmex10' loaded for size
(Font)              <9.79996> on input line 18.
LaTeX Font Info:    External font `cmex10' loaded for size
(Font)              <7> on input line 18.

Overfull \hbox (15.53482pt too wide) in paragraph at lines 22--26
\OT1/cmr/m/n/14.4 These vari-a-tions are \OT1/cmr/bx/n/14.4 hill climb-ing with
 ran-dom restarts
 []

pdfTeX warning (ext4): destination with the same identifier (name{page.1}) has 
been already used, duplicate ignored
<to be read again> 
                   \relax 
l.27 \end{abstract}
                    [1]
Chapter 1.
LaTeX Font Info:    External font `cmex10' loaded for size
(Font)              <5> on input line 31.
<images/hill.png, id=93, 224.84pt x 226.8475pt>
File: images/hill.png Graphic file (type png)
 <use images/hill.png>
Package pdftex.def Info: images/hill.png used on input line 39.
(pdftex.def)             Requested size: 224.83945pt x 226.84694pt.
pdfTeX warning (ext4): destination with the same identifier (name{page.1}) has 
been already used, duplicate ignored
<to be read again> 
                   \relax 
l.43 \chapter
             {Application: Standard Hill Climbing} [1

 <./images/hill.png>]
Chapter 2.
[2

]
Underfull \hbox (badness 10000) in paragraph at lines 61--64

 []

[3] <images/hc01.png, id=110, 289.08pt x 216.81pt>
File: images/hc01.png Graphic file (type png)
 <use images/hc01.png>
Package pdftex.def Info: images/hc01.png used on input line 67.
(pdftex.def)             Requested size: 289.07928pt x 216.80946pt.

[4 <./images/hc01.png>] <images/hc001.png, id=116, 289.08pt x 216.81pt>
File: images/hc001.png Graphic file (type png)

<use images/hc001.png>
Package pdftex.def Info: images/hc001.png used on input line 70.
(pdftex.def)             Requested size: 289.07928pt x 216.80946pt.
 [5 <./images/hc001.png>]
<images/hc0001.png, id=123, 289.08pt x 216.81pt>
File: images/hc0001.png Graphic file (type png)
 <use images/hc0001.png>
Package pdftex.def Info: images/hc0001.png used on input line 74.
(pdftex.def)             Requested size: 289.07928pt x 216.80946pt.

[6 <./images/hc0001.png>]
Chapter 3.

Underfull \hbox (badness 10000) in paragraph at lines 85--86

 []

[7

] <images/hcr1.png, id=133, 289.08pt x 216.81pt>
File: images/hcr1.png Graphic file (type png)
 <use images/hcr1.png>
Package pdftex.def Info: images/hcr1.png used on input line 90.
(pdftex.def)             Requested size: 289.07928pt x 216.80946pt.

[8 <./images/hcr1.png>] <images/hcr10.png, id=139, 289.08pt x 216.81pt>
File: images/hcr10.png Graphic file (type png)

<use images/hcr10.png>
Package pdftex.def Info: images/hcr10.png used on input line 93.
(pdftex.def)             Requested size: 289.07928pt x 216.80946pt.
 <images/hcr100.png, id=140, 289.08pt x 216.81pt>
File: images/hcr100.png Graphic file (type png)

<use images/hcr100.png>
Package pdftex.def Info: images/hcr100.png used on input line 96.
(pdftex.def)             Requested size: 289.07928pt x 216.80946pt.
 [9 <./images/hcr10.png> <./images/hcr100.png>]
<images/hcr1000.png, id=147, 289.08pt x 216.81pt>
File: images/hcr1000.png Graphic file (type png)
 <use images/hcr1000.png>
Package pdftex.def Info: images/hcr1000.png used on input line 99.
(pdftex.def)             Requested size: 289.07928pt x 216.80946pt.

<images/hcr10000.png, id=148, 289.08pt x 216.81pt>
File: images/hcr10000.png Graphic file (type png)
 <use images/hcr10000.png>
Package pdftex.def Info: images/hcr10000.png used on input line 102.
(pdftex.def)             Requested size: 289.07928pt x 216.80946pt.

[10 <./images/hcr1000.png> <./images/hcr10000.png>]
Chapter 4.

Overfull \hbox (3.85841pt too wide) in paragraph at lines 105--106
\OT1/cmr/m/n/12 Simulated an-neal-ing is de-rived from the prac-tice of met-al-
lurgy. When
 []

[11

]
Underfull \hbox (badness 10000) in paragraph at lines 113--114

 []

[12] <images/sa1.png, id=166, 289.08pt x 216.81pt>
File: images/sa1.png Graphic file (type png)
 <use images/sa1.png>
Package pdftex.def Info: images/sa1.png used on input line 123.
(pdftex.def)             Requested size: 289.07928pt x 216.80946pt.

<images/sa2.png, id=167, 289.08pt x 216.81pt>
File: images/sa2.png Graphic file (type png)
 <use images/sa2.png>
Package pdftex.def Info: images/sa2.png used on input line 126.
(pdftex.def)             Requested size: 289.07928pt x 216.80946pt.
 [13 <./images/sa1.png> <./images/sa2.png>] <images/sa3.png, id=174, 289.08pt x
 216.81pt>
File: images/sa3.png Graphic file (type png)

<use images/sa3.png>
Package pdftex.def Info: images/sa3.png used on input line 129.
(pdftex.def)             Requested size: 289.07928pt x 216.80946pt.
 <images/sa4.png, id=175, 289.08pt x 216.81pt>
File: images/sa4.png Graphic file (type png)

<use images/sa4.png>
Package pdftex.def Info: images/sa4.png used on input line 132.
(pdftex.def)             Requested size: 289.07928pt x 216.80946pt.
 [14 <./images/sa3.png> <./images/sa4.png>]
Chapter 5.
[15

] [16] [17]
Overfull \hbox (0.96219pt too wide) in paragraph at lines 163--164
\OT1/cmr/m/n/12 Due to the out-stand-ingly poor per-for-mance of \OT1/cmr/bx/n/
12 stan-dard hill climb-
 []


Overfull \hbox (16.03445pt too wide) in paragraph at lines 163--164
\OT1/cmr/bx/n/12 ing\OT1/cmr/m/n/12 , \OT1/cmr/bx/n/12 sim-u-lated an-neal-ing 
\OT1/cmr/m/n/12 and \OT1/cmr/bx/n/12 hill climb-ing with ran-dom restarts
 []


Overfull \hbox (10.84856pt too wide) in paragraph at lines 169--170
[]\OT1/cmr/m/n/12 Although some-times fail-ing, \OT1/cmr/bx/n/12 hill climb-ing
 with ran-dom restarts
 []

Package atveryend Info: Empty hook `BeforeClearDocument' on input line 173.
[18]
Package atveryend Info: Empty hook `AfterLastShipout' on input line 173.
 (./Project 2.aux)
Package atveryend Info: Executing hook `AtVeryEndDocument' on input line 173.
Package atveryend Info: Executing hook `AtEndAfterFileList' on input line 173.
Package rerunfilecheck Info: File `"Project 2".out' has not changed.
(rerunfilecheck)             Checksum: EC61E5CFEC9055D8C573CAA1EF9FD1FD;1160.
Package atveryend Info: Empty hook `AtVeryVeryEnd' on input line 173.
 ) 
Here is how much of TeX's memory you used:
 5206 strings out of 493054
 76895 string characters out of 6140586
 160592 words of memory out of 5000000
 8663 multiletter control sequences out of 15000+600000
 9591 words of font info for 34 fonts, out of 8000000 for 9000
 1141 hyphenation exceptions out of 8191
 29i,6n,28p,996b,382s stack positions out of 5000i,500n,10000p,200000b,80000s
</usr/share/texmf-dist/fonts/type1/public/amsfonts/cm/cmbx10.pfb></usr/share/
texmf-dist/fonts/type1/public/amsfonts/cm/cmbx12.pfb></usr/share/texmf-dist/fon
ts/type1/public/amsfonts/cm/cmmi10.pfb></usr/share/texmf-dist/fonts/type1/publi
c/amsfonts/cm/cmmi12.pfb></usr/share/texmf-dist/fonts/type1/public/amsfonts/cm/
cmmi6.pfb></usr/share/texmf-dist/fonts/type1/public/amsfonts/cm/cmr10.pfb></usr
/share/texmf-dist/fonts/type1/public/amsfonts/cm/cmr12.pfb></usr/share/texmf-di
st/fonts/type1/public/amsfonts/cm/cmr17.pfb></usr/share/texmf-dist/fonts/type1/
public/amsfonts/cm/cmr6.pfb></usr/share/texmf-dist/fonts/type1/public/amsfonts/
cm/cmr7.pfb></usr/share/texmf-dist/fonts/type1/public/amsfonts/cm/cmsy10.pfb></
usr/share/texmf-dist/fonts/type1/public/amsfonts/cm/cmsy6.pfb></usr/share/texmf
-dist/fonts/type1/public/amsfonts/cm/cmtt8.pfb>
Output written on "Project 2.pdf" (20 pages, 653980 bytes).
PDF statistics:
 254 PDF objects out of 1000 (max. 8388607)
 191 compressed objects within 2 object streams
 37 named destinations out of 1000 (max. 500000)
 210 words of extra memory for PDF output out of 10000 (max. 10000000)

